2026-03-19 21:15:00 - INFO - CyberShield-CTI Engine Initialized.
2026-03-19 21:15:04 - INFO - Starting analysis for target URL: https://www.huntress.com/blog/daisy-chaining-rogue-rmm-tools
2026-03-19 21:15:24 - INFO - Triggering Re-analysis for 105.113.63[.]173 (Score: 1)
2026-03-19 21:16:04 - INFO - Triggering Re-analysis for 209.160.115[.]150 (Score: 1)
2026-03-19 21:16:42 - INFO - Triggering Re-analysis for 93.152.214[.]210 (Score: 1)
2026-03-19 21:17:22 - INFO - Triggering Re-analysis for 98.97.79[.]68 (Score: 1)
2026-03-19 21:18:01 - INFO - Triggering Re-analysis for business[.]gogift (Score: 0)
2026-03-19 21:18:18 - INFO - Triggering Re-analysis for clientsetup.msi (Score: 0)
2026-03-19 21:18:36 - INFO - Triggering Re-analysis for documents-9c765e28.msi (Score: 0)
2026-03-19 21:18:53 - INFO - Triggering Re-analysis for index.html (Score: 0)
2026-03-19 21:19:11 - INFO - Triggering Re-analysis for invitatapartyto.msi (Score: 0)
2026-03-19 21:19:29 - INFO - Triggering Re-analysis for invitation.msi (Score: 0)
2026-03-19 21:19:46 - INFO - Triggering Re-analysis for lolrmm.io (Score: 0)
2026-03-19 21:20:25 - INFO - Triggering Re-analysis for navigator.platform (Score: 0)
2026-03-19 21:20:42 - INFO - Triggering Re-analysis for navigator.user (Score: 0)
2026-03-19 21:21:00 - INFO - Triggering Re-analysis for socialsecurityadministration-statement.msi (Score: 0)
2026-03-19 21:21:17 - INFO - Triggering Re-analysis for statement.scr (Score: 0)
2026-03-19 21:21:35 - INFO - Triggering Re-analysis for toolbox.rar (Score: 0)
2026-03-19 21:21:52 - INFO - Triggering Re-analysis for 1a0769b8445cc27e2ddcdcee9a85a072c2be729e254f6c732548b0fb2bdfe0ef (Score: 0)
2026-03-19 21:22:09 - INFO - Triggering Re-analysis for 22006710eaad12c4da19edaee4cb6fdd3c3face7e16bbcbd9e4f83eed7f3e7de (Score: 3)
2026-03-19 21:22:49 - INFO - Triggering Re-analysis for 27c489d5239a3a25f51119b45b7be1ae8a38a153d708f983837d3c602bd367f8 (Score: 0)
2026-03-19 21:23:07 - INFO - Triggering Re-analysis for 429cbc557b1a9c8ceddab06b12b0fc3fc03c2908bb9ccd5ec8d2b386ccdb679a (Score: 0)
2026-03-19 21:23:24 - INFO - Triggering Re-analysis for 42ef97c8260f9f287ead7b978378de2f27056f23dc513de5f36819159bfe5ebe (Score: 0)
2026-03-19 21:24:17 - INFO - Triggering Re-analysis for 79f25a73e056ecb8aebf36c593ad1826cefa31346a2feca1ba3ed395453c9c48 (Score: 0)
2026-03-19 21:24:34 - INFO - Triggering Re-analysis for 83a8c175cdab60d043759ea04d62ac10a147d0b00e7a610f35e4939873416adc (Score: 0)
2026-03-19 21:25:26 - INFO - Triggering Re-analysis for b775f42c9d280b115ac0aeb168186583f93d94a19a29b7fac8c5e2c98c986bdd (Score: 0)
2026-03-19 21:26:55 - INFO - Triggering Re-analysis for ebc81a8f91d9b18c7d642bfdcf5f8e26d8921d4501e44e1603c0b67666d8c3e1 (Score: 0)
2026-03-19 21:27:33 - INFO - Success: Report generated at reports/FULL_ADVISORY_20260319_212732.txt
